<?xml version="1.0" encoding="UTF-8"?>
<testng-results total="1" passed="1" failed="0" skipped="0">
  <reporter-output>
  </reporter-output>
  <suite started-at="2020-12-10T20:26:12Z" name="Default suite" finished-at="2020-12-10T20:26:15Z" duration-ms="3485">
    <groups>
    </groups>
    <test started-at="2020-12-10T20:26:12Z" name="Default test" finished-at="2020-12-10T20:26:15Z" duration-ms="3485">
      <class name="seleniumPractice1.Greencart.HomePage">
        <test-method signature="AdditemtoCart()[pri:0, instance:seleniumPractice1.Greencart.HomePage@bd4dc25]" started-at="2020-12-11T07:26:12Z" name="AdditemtoCart" finished-at="2020-12-11T07:26:15Z" duration-ms="3475" status="PASS">
          <reporter-output>
          </reporter-output>
        </test-method> <!-- AdditemtoCart -->
      </class> <!-- seleniumPractice1.Greencart.HomePage -->
    </test> <!-- Default test -->
  </suite> <!-- Default suite -->
</testng-results>
